<?xml version="1.0" encoding="UTF-8"?>
<!-- Generated by org.testng.reporters.JUnitXMLReporter -->
<testsuite hostname="GP-PC-5005214" ignored="0" name="Flexiplan" tests="8" failures="1" timestamp="04 Sep 2019 19:07:18 GMT" time="299.803" errors="0">
  <testcase name="AppForegroundFlexiplan" time="29.297" classname="Test.Login"/>
  <testcase name="AppBackgroundFlexiplan" time="32.96" classname="Test.Login"/>
  <testcase name="AppClosedFlexiplan" time="44.268" classname="Test.Login"/>
  <testcase name="AppForegroundFlexiplan" time="37.307" classname="Test.LogoutAndGuestmode"/>
  <testcase name="AppBackgroundFlexiplan" time="35.311" classname="Test.LogoutAndGuestmode"/>
  <testcase name="AppClosedFlexiplan" time="43.431" classname="Test.LogoutAndGuestmode">
    <failure type="java.lang.AssertionError" message="expected [CONFIRM PURCHASE] but found [CONFIRM PURCHAS]">
      <![CDATA[java.lang.AssertionError: expected [CONFIRM PURCHASE] but found [CONFIRM PURCHAS]
at Test.LogoutAndGuestmode.AppClosedFlexiplan(LogoutAndGuestmode.java:178)
... Removed 31 stack frames]]>
    </failure>
  </testcase> <!-- AppClosedFlexiplan -->
  <testcase name="GuestmodeAppForegroundFlexiplan" time="35.229" classname="Test.LogoutAndGuestmode"/>
  <testcase name="GuestmodeAppBackroundFlexiplan" time="41.96" classname="Test.LogoutAndGuestmode"/>
</testsuite> <!-- Flexiplan -->
