<?xml version="1.0" encoding="UTF-8"?>
<!-- Generated by org.testng.reporters.JUnitXMLReporter -->
<testsuite hostname="GP-PC-5005214" ignored="42" name="Data Pack" tests="1" failures="1" timestamp="20 Oct 2019 18:47:44 GMT" time="103.566" errors="0">
  <testcase name="VOICE23Minutes" time="103.536" classname="Test.PackPurchase">
    <failure type="org.openqa.selenium.WebDriverException" message="It is impossible to create a new session because &amp;apos;createSession&amp;apos; which takes HttpClient, InputStream and long was not found or it is not accessible
Build info: version: &amp;apos;3.141.5&amp;apos;, revision: &amp;apos;d54ebd709a&amp;apos;, time: &amp;apos;2018-11-06T11:42:16&amp;apos;
System info: host: &amp;apos;GP-PC-5005214&amp;apos;, ip: &amp;apos;192.168.0.101&amp;apos;, os.name: &amp;apos;Windows 10&amp;apos;, os.arch: &amp;apos;amd64&amp;apos;, os.version: &amp;apos;10.0&amp;apos;, java.version: &amp;apos;1.8.0_212&amp;apos;
Driver info: driver.version: AndroidDriver">
      <![CDATA[org.openqa.selenium.WebDriverException: It is impossible to create a new session because 'createSession' which takes HttpClient, InputStream and long was not found or it is not accessible
Build info: version: '3.141.5', revision: 'd54ebd709a', time: '2018-11-06T11:42:16'
System info: host: 'GP-PC-5005214', ip: '192.168.0.101', os.name: 'Windows 10', os.arch: 'amd64', os.version: '10.0', java.version: '1.8.0_212'
Driver info: driver.version: AndroidDriver
at io.appium.java_client.remote.AppiumCommandExecutor$1.createSession(AppiumCommandExecutor.java:195)
at io.appium.java_client.remote.AppiumCommandExecutor.createSession(AppiumCommandExecutor.java:209)
at io.appium.java_client.remote.AppiumCommandExecutor.execute(AppiumCommandExecutor.java:231)
at org.openqa.selenium.remote.RemoteWebDriver.execute(RemoteWebDriver.java:552)
at io.appium.java_client.DefaultGenericMobileDriver.execute(DefaultGenericMobileDriver.java:42)
at io.appium.java_client.AppiumDriver.execute(AppiumDriver.java:1)
at io.appium.java_client.android.AndroidDriver.execute(AndroidDriver.java:1)
at org.openqa.selenium.remote.RemoteWebDriver.startSession(RemoteWebDriver.java:213)
at org.openqa.selenium.remote.RemoteWebDriver.<init>(RemoteWebDriver.java:131)
at io.appium.java_client.DefaultGenericMobileDriver.<init>(DefaultGenericMobileDriver.java:38)
at io.appium.java_client.AppiumDriver.<init>(AppiumDriver.java:84)
at io.appium.java_client.AppiumDriver.<init>(AppiumDriver.java:94)
at io.appium.java_client.android.AndroidDriver.<init>(AndroidDriver.java:93)
at Test.BaseTestNG.Capabilities(BaseTestNG.java:42)
at Test.PackPurchase.VOICE23Minutes(PackPurchase.java:948)
at io.appium.java_client.remote.AppiumCommandExecutor$1.createSession(AppiumCommandExecutor.java:185)
... 39 more
Caused by: org.openqa.selenium.WebDriverException: An unknown server-side error occurred while processing the command. Original error: Could not find a connected Android device.
Build info: version: '3.141.5', revision: 'd54ebd709a', time: '2018-11-06T11:42:16'
System info: host: 'GP-PC-5005214', ip: '192.168.0.101', os.name: 'Windows 10', os.arch: 'amd64', os.version: '10.0', java.version: '1.8.0_212'
Driver info: driver.version: AndroidDriver
remote stacktrace: UnknownError: An unknown server-side error occurred while processing the command. Original error: Could not find a connected Android device.
    at getResponseForW3CError (C:\Program Files\Appium\resources\app\node_modules\appium\node_modules\appium-base-driver\lib\protocol\errors.js:826:9)
    at asyncHandler (C:\Program Files\Appium\resources\app\node_modules\appium\node_modules\appium-base-driver\lib\protocol\protocol.js:447:37)
    at process._tickCallback (internal/process/next_tick.js:68:7)
at org.openqa.selenium.remote.W3CHandshakeResponse.lambda$errorHandler$0(W3CHandshakeResponse.java:62)
at org.openqa.selenium.remote.HandshakeResponse.lambda$getResponseFunction$0(HandshakeResponse.java:30)
at org.openqa.selenium.remote.ProtocolHandshake.lambda$createSession$0(ProtocolHandshake.java:123)
at java.util.stream.ReferencePipeline$3$1.accept(Unknown Source)
at java.util.Spliterators$ArraySpliterator.tryAdvance(Unknown Source)
at java.util.stream.ReferencePipeline.forEachWithCancel(Unknown Source)
at java.util.stream.AbstractPipeline.copyIntoWithCancel(Unknown Source)
at java.util.stream.AbstractPipeline.copyInto(Unknown Source)
at java.util.stream.AbstractPipeline.wrapAndCopyInto(Unknown Source)
at java.util.stream.FindOps$FindOp.evaluateSequential(Unknown Source)
at java.util.stream.AbstractPipeline.evaluate(Unknown Source)
at java.util.stream.ReferencePipeline.findFirst(Unknown Source)
at org.openqa.selenium.remote.ProtocolHandshake.createSession(ProtocolHandshake.java:125)
... 44 more
... Removed 34 stack frames]]>
    </failure>
  </testcase> <!-- VOICE23Minutes -->
  <testcase name="DATA1GB103MBBonus" time="0.0" classname="Test.PackPurchase">
    <ignored/>
  </testcase> <!-- DATA1GB103MBBonus -->
  <testcase name="DATA30MBBioscopePrimePass" time="0.0" classname="Test.PackPurchase">
    <ignored/>
  </testcase> <!-- DATA30MBBioscopePrimePass -->
  <testcase name="DATA340MBFacebookPack" time="0.0" classname="Test.PackPurchase">
    <ignored/>
  </testcase> <!-- DATA340MBFacebookPack -->
  <testcase name="VOICE400Minutes" time="0.0" classname="Test.PackPurchase">
    <ignored/>
  </testcase> <!-- VOICE400Minutes -->
  <testcase name="DATA5GB512MBBonus" time="0.0" classname="Test.PackPurchase">
    <ignored/>
  </testcase> <!-- DATA5GB512MBBonus -->
  <testcase name="VOICE160Minutes" time="0.0" classname="Test.PackPurchase">
    <ignored/>
  </testcase> <!-- VOICE160Minutes -->
  <testcase name="DATA1GB103MBBonus189Tk" time="0.0" classname="Test.PackPurchase">
    <ignored/>
  </testcase> <!-- DATA1GB103MBBonus189Tk -->
  <testcase name="DATA1GBBioscopePack" time="0.0" classname="Test.PackPurchase">
    <ignored/>
  </testcase> <!-- DATA1GBBioscopePack -->
  <testcase name="DATA350MB35MBBonus" time="0.0" classname="Test.PackPurchase">
    <ignored/>
  </testcase> <!-- DATA350MB35MBBonus -->
  <testcase name="DATA86MBFacebookPack" time="0.0" classname="Test.PackPurchase">
    <ignored/>
  </testcase> <!-- DATA86MBFacebookPack -->
  <testcase name="DATA15GBBecomeaSilverSTAR" time="0.0" classname="Test.PackPurchase">
    <ignored/>
  </testcase> <!-- DATA15GBBecomeaSilverSTAR -->
  <testcase name="DATA10GB1GBBonus" time="0.0" classname="Test.PackPurchase">
    <ignored/>
  </testcase> <!-- DATA10GB1GBBonus -->
  <testcase name="DATA115MB" time="0.0" classname="Test.PackPurchase">
    <ignored/>
  </testcase> <!-- DATA115MB -->
  <testcase name="DATA46MBVideoPack" time="0.0" classname="Test.PackPurchase">
    <ignored/>
  </testcase> <!-- DATA46MBVideoPack -->
  <testcase name="DATA500SMB" time="0.0" classname="Test.PackPurchase">
    <ignored/>
  </testcase> <!-- DATA500SMB -->
  <testcase name="DATA3GB308MBBonus289Tk" time="0.0" classname="Test.PackPurchase">
    <ignored/>
  </testcase> <!-- DATA3GB308MBBonus289Tk -->
  <testcase name="VOICE330Minutes" time="0.0" classname="Test.PackPurchase">
    <ignored/>
  </testcase> <!-- VOICE330Minutes -->
  <testcase name="DATA2GB205MBBonus" time="0.0" classname="Test.PackPurchase">
    <ignored/>
  </testcase> <!-- DATA2GB205MBBonus -->
  <testcase name="VOICE200Minutes" time="0.0" classname="Test.PackPurchase">
    <ignored/>
  </testcase> <!-- VOICE200Minutes -->
  <testcase name="VOICE50Minutes" time="0.0" classname="Test.PackPurchase">
    <ignored/>
  </testcase> <!-- VOICE50Minutes -->
  <testcase name="VOICE500Minutes" time="0.0" classname="Test.PackPurchase">
    <ignored/>
  </testcase> <!-- VOICE500Minutes -->
  <testcase name="DATA26MBWhatsAppPack" time="0.0" classname="Test.PackPurchase">
    <ignored/>
  </testcase> <!-- DATA26MBWhatsAppPack -->
  <testcase name="DATA3GB308MBBonus" time="0.0" classname="Test.PackPurchase">
    <ignored/>
  </testcase> <!-- DATA3GB308MBBonus -->
  <testcase name="DATA2GBBioscopePack" time="0.0" classname="Test.PackPurchase">
    <ignored/>
  </testcase> <!-- DATA2GBBioscopePack -->
  <testcase name="VOICE70Minutes" time="0.0" classname="Test.PackPurchase">
    <ignored/>
  </testcase> <!-- VOICE70Minutes -->
  <testcase name="DATA500SMS" time="0.0" classname="Test.PackPurchase">
    <ignored/>
  </testcase> <!-- DATA500SMS -->
  <testcase name="DATA6GB615BBonus" time="0.0" classname="Test.PackPurchase">
    <ignored/>
  </testcase> <!-- DATA6GB615BBonus -->
  <testcase name="VOICE90Minutes50SMS" time="0.0" classname="Test.PackPurchase">
    <ignored/>
  </testcase> <!-- VOICE90Minutes50SMS -->
  <testcase name="VOICE10Minutes" time="0.0" classname="Test.PackPurchase">
    <ignored/>
  </testcase> <!-- VOICE10Minutes -->
  <testcase name="DATA5MB" time="0.0" classname="Test.PackPurchase">
    <ignored/>
  </testcase> <!-- DATA5MB -->
  <testcase name="VOICE40Minutes" time="0.0" classname="Test.PackPurchase">
    <ignored/>
  </testcase> <!-- VOICE40Minutes -->
  <testcase name="VOICE250Minutes" time="0.0" classname="Test.PackPurchase">
    <ignored/>
  </testcase> <!-- VOICE250Minutes -->
  <testcase name="VOICE45MinutesPrepaidOnly" time="0.0" classname="Test.PackPurchase">
    <ignored/>
  </testcase> <!-- VOICE45MinutesPrepaidOnly -->
  <testcase name="DATA3GB" time="0.0" classname="Test.PackPurchase">
    <ignored/>
  </testcase> <!-- DATA3GB -->
  <testcase name="VOICE125Minutes" time="0.0" classname="Test.PackPurchase">
    <ignored/>
  </testcase> <!-- VOICE125Minutes -->
  <testcase name="VOICE300Minutes" time="0.0" classname="Test.PackPurchase">
    <ignored/>
  </testcase> <!-- VOICE300Minutes -->
  <testcase name="DATA30GBBecomeaSilverSTAR" time="0.0" classname="Test.PackPurchase">
    <ignored/>
  </testcase> <!-- DATA30GBBecomeaSilverSTAR -->
  <testcase name="DATA200SMS" time="0.0" classname="Test.PackPurchase">
    <ignored/>
  </testcase> <!-- DATA200SMS -->
  <testcase name="DATAEmergency30MB" time="0.0" classname="Test.PackPurchase">
    <ignored/>
  </testcase> <!-- DATAEmergency30MB -->
  <testcase name="DATA1and5GB154MBBonus" time="0.0" classname="Test.PackPurchase">
    <ignored/>
  </testcase> <!-- DATA1and5GB154MBBonus -->
  <testcase name="DATA26MBFacebookPack" time="0.0" classname="Test.PackPurchase">
    <ignored/>
  </testcase> <!-- DATA26MBFacebookPack -->
  <testcase name="DATA5GBBioscopePack" time="0.0" classname="Test.PackPurchase">
    <ignored/>
  </testcase> <!-- DATA5GBBioscopePack -->
</testsuite> <!-- Data Pack -->
