<?xml version="1.0" encoding="UTF-8"?>
<!-- Generated by org.testng.reporters.JUnitReportReporter -->
<testsuite skipped="0" hostname="GP-PC-5001747" name="Test.PushTesting" tests="1" failures="0" timestamp="21 Aug 2019 20:53:19 GMT" time="40.357" errors="1">
  <testcase name="Demo" time="40.357" classname="Test.PushTesting">
    <error type="org.openqa.selenium.NoSuchElementException" message="An element could not be located on the page using the given search parameters.
For documentation on this error, please visit: http://seleniumhq.org/exceptions/no_such_element.html
Build info: version: &#039;3.141.5&#039;, revision: &#039;d54ebd709a&#039;, time: &#039;2018-11-06T11:42:16&#039;
System info: host: &#039;GP-PC-5001747&#039;, ip: &#039;192.168.0.101&#039;, os.name: &#039;Windows 7&#039;, os.arch: &#039;amd64&#039;, os.version: &#039;6.1&#039;, java.version: &#039;1.8.0_212&#039;
Driver info: io.appium.java_client.android.AndroidDriver
Capabilities {appActivity: com.portonics.mygp.ui.MainA..., appPackage: com.portonics.mygp, automationName: UiAutomator2, databaseEnabled: false, desired: {appActivity: com.portonics.mygp.ui.MainA..., appPackage: com.portonics.mygp, automationName: UiAutomator2, deviceName: F8AZFG01K022, newCommandTimeout: 86400, noReset: true, platformName: android, platformVersion: 9}, deviceApiLevel: 28, deviceManufacturer: OnePlus, deviceModel: GM1910, deviceName: 9814b3f8, deviceScreenDensity: 560, deviceScreenSize: 1440x3120, deviceUDID: 9814b3f8, javascriptEnabled: true, locationContextEnabled: false, networkConnectionEnabled: true, newCommandTimeout: 86400, noReset: true, pixelRatio: 3.5, platform: LINUX, platformName: Android, platformVersion: 9, statBarHeight: 128, takesScreenshot: true, viewportRect: {height: 2992, left: 0, top: 128, width: 1440}, warnings: {}, webStorageEnabled: false}
Session ID: a4cfde25-bdc7-49d9-b02c-967ae48c8fb7
*** Element info: {Using=xpath, value=//android.widget.RadioButton[@text=&#039;500&#039;]}">
      <![CDATA[org.openqa.selenium.NoSuchElementException: An element could not be located on the page using the given search parameters.
For documentation on this error, please visit: http://seleniumhq.org/exceptions/no_such_element.html
Build info: version: '3.141.5', revision: 'd54ebd709a', time: '2018-11-06T11:42:16'
System info: host: 'GP-PC-5001747', ip: '192.168.0.101', os.name: 'Windows 7', os.arch: 'amd64', os.version: '6.1', java.version: '1.8.0_212'
Driver info: io.appium.java_client.android.AndroidDriver
Capabilities {appActivity: com.portonics.mygp.ui.MainA..., appPackage: com.portonics.mygp, automationName: UiAutomator2, databaseEnabled: false, desired: {appActivity: com.portonics.mygp.ui.MainA..., appPackage: com.portonics.mygp, automationName: UiAutomator2, deviceName: F8AZFG01K022, newCommandTimeout: 86400, noReset: true, platformName: android, platformVersion: 9}, deviceApiLevel: 28, deviceManufacturer: OnePlus, deviceModel: GM1910, deviceName: 9814b3f8, deviceScreenDensity: 560, deviceScreenSize: 1440x3120, deviceUDID: 9814b3f8, javascriptEnabled: true, locationContextEnabled: false, networkConnectionEnabled: true, newCommandTimeout: 86400, noReset: true, pixelRatio: 3.5, platform: LINUX, platformName: Android, platformVersion: 9, statBarHeight: 128, takesScreenshot: true, viewportRect: {height: 2992, left: 0, top: 128, width: 1440}, warnings: {}, webStorageEnabled: false}
Session ID: a4cfde25-bdc7-49d9-b02c-967ae48c8fb7
*** Element info: {Using=xpath, value=//android.widget.RadioButton[@text='500']}
at sun.reflect.NativeConstructorAccessorImpl.newInstance0(Native Method)
at sun.reflect.NativeConstructorAccessorImpl.newInstance(Unknown Source)
at sun.reflect.DelegatingConstructorAccessorImpl.newInstance(Unknown Source)
at java.lang.reflect.Constructor.newInstance(Unknown Source)
at org.openqa.selenium.remote.http.W3CHttpResponseCodec.createException(W3CHttpResponseCodec.java:187)
at org.openqa.selenium.remote.http.W3CHttpResponseCodec.decode(W3CHttpResponseCodec.java:122)
at org.openqa.selenium.remote.http.W3CHttpResponseCodec.decode(W3CHttpResponseCodec.java:49)
at org.openqa.selenium.remote.HttpCommandExecutor.execute(HttpCommandExecutor.java:158)
at io.appium.java_client.remote.AppiumCommandExecutor.execute(AppiumCommandExecutor.java:231)
at org.openqa.selenium.remote.RemoteWebDriver.execute(RemoteWebDriver.java:552)
at io.appium.java_client.DefaultGenericMobileDriver.execute(DefaultGenericMobileDriver.java:42)
at io.appium.java_client.AppiumDriver.execute(AppiumDriver.java:1)
at io.appium.java_client.android.AndroidDriver.execute(AndroidDriver.java:1)
at org.openqa.selenium.remote.RemoteWebDriver.findElement(RemoteWebDriver.java:323)
at io.appium.java_client.DefaultGenericMobileDriver.findElement(DefaultGenericMobileDriver.java:62)
at io.appium.java_client.AppiumDriver.findElement(AppiumDriver.java:1)
at io.appium.java_client.android.AndroidDriver.findElement(AndroidDriver.java:1)
at org.openqa.selenium.remote.RemoteWebDriver.findElementByXPath(RemoteWebDriver.java:428)
at io.appium.java_client.DefaultGenericMobileDriver.findElementByXPath(DefaultGenericMobileDriver.java:152)
at io.appium.java_client.AppiumDriver.findElementByXPath(AppiumDriver.java:1)
at io.appium.java_client.android.AndroidDriver.findElementByXPath(AndroidDriver.java:1)
at Test.Login.Appforegroundflexiplan(Login.java:54)
at Test.PushTesting.Demo(PushTesting.java:78)
at sun.reflect.NativeMethodAccessorImpl.invoke0(Native Method)
at sun.reflect.NativeMethodAccessorImpl.invoke(Unknown Source)
at sun.reflect.DelegatingMethodAccessorImpl.invoke(Unknown Source)
at java.lang.reflect.Method.invoke(Unknown Source)
at org.testng.internal.MethodInvocationHelper.invokeMethod(MethodInvocationHelper.java:124)
at org.testng.internal.Invoker.invokeMethod(Invoker.java:583)
at org.testng.internal.Invoker.invokeTestMethod(Invoker.java:719)
at org.testng.internal.Invoker.invokeTestMethods(Invoker.java:989)
at org.testng.internal.TestMethodWorker.invokeTestMethods(TestMethodWorker.java:125)
at org.testng.internal.TestMethodWorker.run(TestMethodWorker.java:109)
at org.testng.TestRunner.privateRun(TestRunner.java:648)
at org.testng.TestRunner.run(TestRunner.java:505)
at org.testng.SuiteRunner.runTest(SuiteRunner.java:455)
at org.testng.SuiteRunner.runSequentially(SuiteRunner.java:450)
at org.testng.SuiteRunner.privateRun(SuiteRunner.java:415)
at org.testng.SuiteRunner.run(SuiteRunner.java:364)
at org.testng.SuiteRunnerWorker.runSuite(SuiteRunnerWorker.java:52)
at org.testng.SuiteRunnerWorker.run(SuiteRunnerWorker.java:84)
at org.testng.TestNG.runSuitesSequentially(TestNG.java:1208)
at org.testng.TestNG.runSuitesLocally(TestNG.java:1137)
at org.testng.TestNG.runSuites(TestNG.java:1049)
at org.testng.TestNG.run(TestNG.java:1017)
at org.testng.remote.AbstractRemoteTestNG.run(AbstractRemoteTestNG.java:115)
at org.testng.remote.RemoteTestNG.initAndRun(RemoteTestNG.java:251)
at org.testng.remote.RemoteTestNG.main(RemoteTestNG.java:77)
]]>
    </error>
  </testcase> <!-- Demo -->
</testsuite> <!-- Test.PushTesting -->
